This is pdfTeX, Version 3.1415926-2.6-1.40.14 (TeX Live 2014/dev) (format=pdflatex 2014.10.1)  15 DEC 2014 04:57
entering extended mode
 restricted \write18 enabled.
 %&-line parsing enabled.
**finalProjectReport.tex
(./finalProjectReport.tex
LaTeX2e <2011/06/27>
Babel <3.9h> and hyphenation patterns for 76 languages loaded.
(/usr/share/texlive/texmf-dist/tex/latex/base/article.cls
Document Class: article 2007/10/19 v1.4h Standard LaTeX document class
(/usr/share/texlive/texmf-dist/tex/latex/base/size12.clo
File: size12.clo 2007/10/19 v1.4h Standard LaTeX file (size option)
)
\c@part=\count79
\c@section=\count80
\c@subsection=\count81
\c@subsubsection=\count82
\c@paragraph=\count83
\c@subparagraph=\count84
\c@figure=\count85
\c@table=\count86
\abovecaptionskip=\skip41
\belowcaptionskip=\skip42
\bibindent=\dimen102
)
(/usr/share/texlive/texmf-dist/tex/latex/natbib/natbib.sty
Package: natbib 2010/09/13 8.31b (PWD, AO)
\bibhang=\skip43
\bibsep=\skip44
LaTeX Info: Redefining \cite on input line 694.
\c@NAT@ctr=\count87
)
(/usr/share/texlive/texmf-dist/tex/latex/graphics/graphicx.sty
Package: graphicx 1999/02/16 v1.0f Enhanced LaTeX Graphics (DPC,SPQR)

(/usr/share/texlive/texmf-dist/tex/latex/graphics/keyval.sty
Package: keyval 1999/03/16 v1.13 key=value parser (DPC)
\KV@toks@=\toks14
)
(/usr/share/texlive/texmf-dist/tex/latex/graphics/graphics.sty
Package: graphics 2009/02/05 v1.0o Standard LaTeX Graphics (DPC,SPQR)

(/usr/share/texlive/texmf-dist/tex/latex/graphics/trig.sty
Package: trig 1999/03/16 v1.09 sin cos tan (DPC)
)
(/usr/share/texlive/texmf-dist/tex/latex/latexconfig/graphics.cfg
File: graphics.cfg 2010/04/23 v1.9 graphics configuration of TeX Live
)
Package graphics Info: Driver file: pdftex.def on input line 91.

(/usr/share/texlive/texmf-dist/tex/latex/pdftex-def/pdftex.def
File: pdftex.def 2011/05/27 v0.06d Graphics/color for pdfTeX

(/usr/share/texlive/texmf-dist/tex/generic/oberdiek/infwarerr.sty
Package: infwarerr 2010/04/08 v1.3 Providing info/warning/error messages (HO)
)
(/usr/share/texlive/texmf-dist/tex/generic/oberdiek/ltxcmds.sty
Package: ltxcmds 2011/11/09 v1.22 LaTeX kernel commands for general use (HO)
)
\Gread@gobject=\count88
))
\Gin@req@height=\dimen103
\Gin@req@width=\dimen104
)
(/usr/share/texlive/texmf-dist/tex/latex/url/url.sty
\Urlmuskip=\muskip10
Package: url 2006/04/12  ver 3.3  Verb mode for urls, etc.
) (./finalProjectReport.aux)
\openout1 = `finalProjectReport.aux'.

LaTeX Font Info:    Checking defaults for OML/cmm/m/it on input line 17.
LaTeX Font Info:    ... okay on input line 17.
LaTeX Font Info:    Checking defaults for T1/cmr/m/n on input line 17.
LaTeX Font Info:    ... okay on input line 17.
LaTeX Font Info:    Checking defaults for OT1/cmr/m/n on input line 17.
LaTeX Font Info:    ... okay on input line 17.
LaTeX Font Info:    Checking defaults for OMS/cmsy/m/n on input line 17.
LaTeX Font Info:    ... okay on input line 17.
LaTeX Font Info:    Checking defaults for OMX/cmex/m/n on input line 17.
LaTeX Font Info:    ... okay on input line 17.
LaTeX Font Info:    Checking defaults for U/cmr/m/n on input line 17.
LaTeX Font Info:    ... okay on input line 17.
 (/usr/share/texlive/texmf-dist/tex/context/base/supp-pdf.mkii
[Loading MPS to PDF converter (version 2006.09.02).]
\scratchcounter=\count89
\scratchdimen=\dimen105
\scratchbox=\box26
\nofMPsegments=\count90
\nofMParguments=\count91
\everyMPshowfont=\toks15
\MPscratchCnt=\count92
\MPscratchDim=\dimen106
\MPnumerator=\count93
\makeMPintoPDFobject=\count94
\everyMPtoPDFconversion=\toks16
) (/usr/share/texlive/texmf-dist/tex/generic/oberdiek/pdftexcmds.sty
Package: pdftexcmds 2011/11/29 v0.20 Utility functions of pdfTeX for LuaTeX (HO
)

(/usr/share/texlive/texmf-dist/tex/generic/oberdiek/ifluatex.sty
Package: ifluatex 2010/03/01 v1.3 Provides the ifluatex switch (HO)
Package ifluatex Info: LuaTeX not detected.
)
(/usr/share/texlive/texmf-dist/tex/generic/oberdiek/ifpdf.sty
Package: ifpdf 2011/01/30 v2.3 Provides the ifpdf switch (HO)
Package ifpdf Info: pdfTeX in PDF mode is detected.
)
Package pdftexcmds Info: LuaTeX not detected.
Package pdftexcmds Info: \pdf@primitive is available.
Package pdftexcmds Info: \pdf@ifprimitive is available.
Package pdftexcmds Info: \pdfdraftmode found.
)
(/usr/share/texlive/texmf-dist/tex/latex/oberdiek/epstopdf-base.sty
Package: epstopdf-base 2010/02/09 v2.5 Base part for package epstopdf

(/usr/share/texlive/texmf-dist/tex/latex/oberdiek/grfext.sty
Package: grfext 2010/08/19 v1.1 Manage graphics extensions (HO)

(/usr/share/texlive/texmf-dist/tex/generic/oberdiek/kvdefinekeys.sty
Package: kvdefinekeys 2011/04/07 v1.3 Define keys (HO)
))
(/usr/share/texlive/texmf-dist/tex/latex/oberdiek/kvoptions.sty
Package: kvoptions 2011/06/30 v3.11 Key value format for package options (HO)

(/usr/share/texlive/texmf-dist/tex/generic/oberdiek/kvsetkeys.sty
Package: kvsetkeys 2012/04/25 v1.16 Key value parser (HO)

(/usr/share/texlive/texmf-dist/tex/generic/oberdiek/etexcmds.sty
Package: etexcmds 2011/02/16 v1.5 Avoid name clashes with e-TeX commands (HO)
Package etexcmds Info: Could not find \expanded.
(etexcmds)             That can mean that you are not using pdfTeX 1.50 or
(etexcmds)             that some package has redefined \expanded.
(etexcmds)             In the latter case, load this package earlier.
)))
Package grfext Info: Graphics extension search list:
(grfext)             [.png,.pdf,.jpg,.mps,.jpeg,.jbig2,.jb2,.PNG,.PDF,.JPG,.JPE
G,.JBIG2,.JB2,.eps]
(grfext)             \AppendGraphicsExtensions on input line 452.

(/usr/share/texlive/texmf-dist/tex/latex/latexconfig/epstopdf-sys.cfg
File: epstopdf-sys.cfg 2010/07/13 v1.3 Configuration of (r)epstopdf for TeX Liv
e
))
LaTeX Font Info:    External font `cmex10' loaded for size
(Font)              <14.4> on input line 18.
LaTeX Font Info:    External font `cmex10' loaded for size
(Font)              <7> on input line 18.

[1

{/usr/share/texlive/texmf-dist/fonts/map/pdftex/updmap/pdftex.map}] [2]
[3] [4]
LaTeX Font Info:    External font `cmex10' loaded for size
(Font)              <12> on input line 140.
LaTeX Font Info:    External font `cmex10' loaded for size
(Font)              <8> on input line 140.
LaTeX Font Info:    External font `cmex10' loaded for size
(Font)              <6> on input line 140.
 [5] [6] <Raw_lightcurve.png, id=32, 648.2619pt x 764.6166pt>
File: Raw_lightcurve.png Graphic file (type png)

<use Raw_lightcurve.png>
Package pdftex.def Info: Raw_lightcurve.png used on input line 212.
(pdftex.def)             Requested size: 390.0pt x 459.99854pt.

<Segment_of_lightcurve.png, id=34, 1232.2035pt x 661.2705pt>
File: Segment_of_lightcurve.png Graphic file (type png)

<use Segment_of_lightcurve.png>
Package pdftex.def Info: Segment_of_lightcurve.png used on input line 219.
(pdftex.def)             Requested size: 390.0pt x 209.29015pt.

<Qflat_lightcurve.png, id=35, 648.2619pt x 764.6166pt>
File: Qflat_lightcurve.png Graphic file (type png)

<use Qflat_lightcurve.png>
Package pdftex.def Info: Qflat_lightcurve.png used on input line 226.
(pdftex.def)             Requested size: 390.0pt x 459.99854pt.

<Dflat_lightcurve.png, id=36, 648.2619pt x 764.6166pt>
File: Dflat_lightcurve.png Graphic file (type png)

<use Dflat_lightcurve.png>
Package pdftex.def Info: Dflat_lightcurve.png used on input line 233.
(pdftex.def)             Requested size: 390.0pt x 459.99854pt.
 [7] [8 <./Raw_lightcurve.png>]
<classBargraph.png, id=45, 722.7pt x 722.7pt>
File: classBargraph.png Graphic file (type png)
 <use classBargraph.png>
Package pdftex.def Info: classBargraph.png used on input line 274.
(pdftex.def)             Requested size: 390.0pt x 389.99855pt.
 [9 <./Segment_of_lightcurve.png>] [10 <./Qflat_lightcurve.png>] [11 <./Dflat_l
ightcurve.png>] [12 <./classBargraph.png>]
<dend_rand_samp_20_levels.png, id=62, 1232.2035pt x 645.3711pt>
File: dend_rand_samp_20_levels.png Graphic file (type png)

<use dend_rand_samp_20_levels.png>
Package pdftex.def Info: dend_rand_samp_20_levels.png used on input line 289.
(pdftex.def)             Requested size: 390.0pt x 204.25803pt.

<dend_pop_samp.png, id=63, 1232.2035pt x 645.3711pt>
File: dend_pop_samp.png Graphic file (type png)
 <use dend_pop_samp.png>
Package pdftex.def Info: dend_pop_samp.png used on input line 296.
(pdftex.def)             Requested size: 390.0pt x 204.25803pt.

<dend_50_full.png, id=64, 1232.2035pt x 645.3711pt>
File: dend_50_full.png Graphic file (type png)
 <use dend_50_full.png>
Package pdftex.def Info: dend_50_full.png used on input line 306.
(pdftex.def)             Requested size: 390.0pt x 204.25803pt.

<bar_pop_samp.png, id=65, 1232.2035pt x 645.3711pt>
File: bar_pop_samp.png Graphic file (type png)
 <use bar_pop_samp.png>
Package pdftex.def Info: bar_pop_samp.png used on input line 322.
(pdftex.def)             Requested size: 390.0pt x 204.25803pt.

[13 <./dend_rand_samp_20_levels.png>] [14 <./dend_pop_samp.png> <./dend_50_full
.png>] [15 <./bar_pop_samp.png>] [16] [17] (./finalProjectReport.bbl) [18]
(./finalProjectReport.aux) ) 
Here is how much of TeX's memory you used:
 1996 strings out of 493328
 28056 string characters out of 6140733
 88689 words of memory out of 5000000
 5440 multiletter control sequences out of 15000+600000
 10447 words of font info for 37 fonts, out of 8000000 for 9000
 953 hyphenation exceptions out of 8191
 37i,7n,23p,419b,236s stack positions out of 5000i,500n,10000p,200000b,80000s
</usr/share/texlive/texmf-dist/fonts/type1/public/a
msfonts/cm/cmbx10.pfb></usr/share/texlive/texmf-dist/fonts/type1/public/amsfont
s/cm/cmbx12.pfb></usr/share/texlive/texmf-dist/fonts/type1/public/amsfonts/cm/c
mmi12.pfb></usr/share/texlive/texmf-dist/fonts/type1/public/amsfonts/cm/cmmi8.p
fb></usr/share/texlive/texmf-dist/fonts/type1/public/amsfonts/cm/cmr10.pfb></us
r/share/texlive/texmf-dist/fonts/type1/public/amsfonts/cm/cmr12.pfb></usr/share
/texlive/texmf-dist/fonts/type1/public/amsfonts/cm/cmr17.pfb></usr/share/texliv
e/texmf-dist/fonts/type1/public/amsfonts/cm/cmsy10.pfb></usr/share/texlive/texm
f-dist/fonts/type1/public/amsfonts/cm/cmti10.pfb></usr/share/texlive/texmf-dist
/fonts/type1/public/amsfonts/cm/cmti12.pfb></usr/share/texlive/texmf-dist/fonts
/type1/public/amsfonts/cm/cmtt12.pfb>
Output written on finalProjectReport.pdf (18 pages, 818480 bytes).
PDF statistics:
 125 PDF objects out of 1000 (max. 8388607)
 75 compressed objects within 1 object stream
 0 named destinations out of 1000 (max. 500000)
 46 words of extra memory for PDF output out of 10000 (max. 10000000)

